Tue May 24 15:20:01 CEST 2016 : Server di rete Apache Derby: 10.11.1.2 - (1629631) avviato e pronto ad accettare connessioni sulla porta 1527
----------------------------------------------------------------
Tue May 24 15:21:27 CEST 2016:
Avvio della versione di Derby The Apache Software Foundation - Apache Derby - 10.11.1.2 - (1629631): istanza a816c00e-0154-e2ec-0e43-00002ecf6170
sulla directory di database C:\Users\Saverio\Desktop\AMM\Progetto\AMM_GruppoA\M2\web\WEB-INF\db\ammdb con caricatore classi sun.misc.Launcher$AppClassLoader@60e53b93 
Caricato da file:/C:/Program%20Files/Java/jdk1.8.0_45/db/lib/derby.jar
java.vendor=Oracle Corporation
java.runtime.version=1.8.0_45-b15
user.dir=C:\Program Files\Java\jdk1.8.0_45\db
os.name=Windows 7
os.arch=amd64
os.version=6.1
derby.system.home=C:\Users\Saverio\Desktop\AMM\Progetto\AMM_GruppoA\M2\web\WEB-INF\db
Programma di caricamento classe database avviato - derby.database.classpath=''
----------------------------------------------------------------
Tue May 24 15:56:38 CEST 2016: arresto in corso del motore di Derby
----------------------------------------------------------------
Tue May 24 15:56:38 CEST 2016:
Arresto dell'istanza a816c00e-0154-e2ec-0e43-00002ecf6170 nella directory del database C:\Users\Saverio\Desktop\AMM\Progetto\AMM_GruppoA\M2\web\WEB-INF\db\ammdb con il caricatore di classi sun.misc.Launcher$AppClassLoader@60e53b93 
----------------------------------------------------------------
